{"contracts\\Raffle.sol":{"l":{"46":3,"47":3,"48":3,"49":3,"50":3,"51":3,"52":3,"53":3,"59":4,"60":1,"62":3,"63":0,"65":3,"66":3,"75":1,"77":1,"78":0,"80":1,"81":1,"90":0,"98":0,"99":0,"100":0,"101":0,"102":0,"103":0,"104":0,"105":0,"106":0,"108":0,"113":1,"114":1,"115":1,"116":1,"117":1,"122":1,"127":0,"132":5,"136":1,"140":0,"144":0,"148":0,"152":0,"157":5},"path":"E:\\web3learner\\Lottery\\contracts\\Raffle.sol","s":{"1":4,"2":3,"3":3,"4":3,"5":1,"6":1,"7":1,"8":0,"9":0,"10":0,"11":0,"12":0,"13":0,"14":1,"15":1,"16":1,"17":1,"18":1,"19":0,"20":5,"21":1,"22":0,"23":0,"24":0,"25":0,"26":5},"b":{"1":[1,3],"2":[0,3],"3":[0,1],"4":[0,0]},"f":{"1":3,"2":4,"3":1,"4":0,"5":1,"6":1,"7":0,"8":5,"9":1,"10":0,"11":0,"12":0,"13":0,"14":5},"fnMap":{"1":{"name":"constructor","line":45,"loc":{"start":{"line":45,"column":4},"end":{"line":54,"column":4}}},"2":{"name":"enterRaffle","line":57,"loc":{"start":{"line":57,"column":4},"end":{"line":67,"column":4}}},"3":{"name":"performUpkeep","line":71,"loc":{"start":{"line":71,"column":4},"end":{"line":91,"column":4}}},"4":{"name":"fulfillRandomWords","line":95,"loc":{"start":{"line":95,"column":4},"end":{"line":109,"column":4}}},"5":{"name":"checkUpkeep","line":112,"loc":{"start":{"line":112,"column":4},"end":{"line":118,"column":4}}},"6":{"name":"getPlayer","line":121,"loc":{"start":{"line":121,"column":4},"end":{"line":123,"column":4}}},"7":{"name":"getRecentWinner","line":126,"loc":{"start":{"line":126,"column":4},"end":{"line":128,"column":4}}},"8":{"name":"getEntranceFee","line":131,"loc":{"start":{"line":131,"column":4},"end":{"line":133,"column":4}}},"9":{"name":"getRaffleState","line":135,"loc":{"start":{"line":135,"column":4},"end":{"line":137,"column":4}}},"10":{"name":"getNumWords","line":139,"loc":{"start":{"line":139,"column":4},"end":{"line":141,"column":4}}},"11":{"name":"getNumberOfPlayers","line":143,"loc":{"start":{"line":143,"column":4},"end":{"line":145,"column":4}}},"12":{"name":"getLastTimeStamp","line":147,"loc":{"start":{"line":147,"column":4},"end":{"line":149,"column":4}}},"13":{"name":"getRequestConfirmations","line":151,"loc":{"start":{"line":151,"column":4},"end":{"line":153,"column":4}}},"14":{"name":"getInterval","line":156,"loc":{"start":{"line":156,"column":4},"end":{"line":158,"column":4}}}},"statementMap":{"1":{"start":{"line":59,"column":8},"end":{"line":59,"column":2191}},"2":{"start":{"line":62,"column":8},"end":{"line":62,"column":2294}},"3":{"start":{"line":65,"column":8},"end":{"line":65,"column":42}},"4":{"start":{"line":66,"column":8},"end":{"line":66,"column":36}},"5":{"start":{"line":75,"column":8},"end":{"line":75,"column":46}},"6":{"start":{"line":77,"column":8},"end":{"line":77,"column":2878}},"7":{"start":{"line":81,"column":8},"end":{"line":81,"column":3079}},"8":{"start":{"line":90,"column":8},"end":{"line":90,"column":45}},"9":{"start":{"line":98,"column":8},"end":{"line":98,"column":65}},"10":{"start":{"line":99,"column":8},"end":{"line":99,"column":63}},"11":{"start":{"line":104,"column":8},"end":{"line":104,"column":78}},"12":{"start":{"line":105,"column":8},"end":{"line":105,"column":4320}},"13":{"start":{"line":108,"column":8},"end":{"line":108,"column":39}},"14":{"start":{"line":113,"column":8},"end":{"line":113,"column":57}},"15":{"start":{"line":114,"column":8},"end":{"line":114,"column":76}},"16":{"start":{"line":115,"column":8},"end":{"line":115,"column":48}},"17":{"start":{"line":116,"column":8},"end":{"line":116,"column":51}},"18":{"start":{"line":122,"column":8},"end":{"line":122,"column":31}},"19":{"start":{"line":127,"column":8},"end":{"line":127,"column":29}},"20":{"start":{"line":132,"column":8},"end":{"line":132,"column":28}},"21":{"start":{"line":136,"column":8},"end":{"line":136,"column":28}},"22":{"start":{"line":140,"column":8},"end":{"line":140,"column":24}},"23":{"start":{"line":144,"column":8},"end":{"line":144,"column":31}},"24":{"start":{"line":148,"column":8},"end":{"line":148,"column":30}},"25":{"start":{"line":152,"column":8},"end":{"line":152,"column":36}},"26":{"start":{"line":157,"column":8},"end":{"line":157,"column":25}}},"branchMap":{"1":{"line":59,"type":"if","locations":[{"start":{"line":59,"column":8},"end":{"line":59,"column":8}},{"start":{"line":59,"column":8},"end":{"line":59,"column":8}}]},"2":{"line":62,"type":"if","locations":[{"start":{"line":62,"column":8},"end":{"line":62,"column":8}},{"start":{"line":62,"column":8},"end":{"line":62,"column":8}}]},"3":{"line":77,"type":"if","locations":[{"start":{"line":77,"column":8},"end":{"line":77,"column":8}},{"start":{"line":77,"column":8},"end":{"line":77,"column":8}}]},"4":{"line":105,"type":"if","locations":[{"start":{"line":105,"column":8},"end":{"line":105,"column":8}},{"start":{"line":105,"column":8},"end":{"line":105,"column":8}}]}}},"contracts\\test\\VRFCoordinatorV2Mock.sol":{"l":{},"path":"E:\\web3learner\\Lottery\\contracts\\test\\VRFCoordinatorV2Mock.sol","s":{},"b":{},"f":{},"fnMap":{},"statementMap":{},"branchMap":{}}}